<?xml version="1.0" encoding="UTF-8"?>
<testng-results ignored="0" total="1" passed="1" failed="0" skipped="0">
  <reporter-output>
  </reporter-output>
  <suite started-at="2023-09-18T10:02:19 IST" name="Default suite" finished-at="2023-09-18T10:02:28 IST" duration-ms="9097">
    <groups>
    </groups>
    <test started-at="2023-09-18T10:02:19 IST" name="Default test" finished-at="2023-09-18T10:02:28 IST" duration-ms="9097">
      <class name="Extent.NewTest">
        <test-method is-config="true" signature="beforeTest()[pri:0, instance:Extent.NewTest@4229bb3f]" started-at="2023-09-18T10:02:19 IST" name="beforeTest" finished-at="2023-09-18T10:02:27 IST" duration-ms="8556" status="PASS">
          <reporter-output>
          </reporter-output>
        </test-method> <!-- beforeTest -->
        <test-method signature="Browserlauch()[pri:0, instance:Extent.NewTest@4229bb3f]" started-at="2023-09-18T10:02:27 IST" name="Browserlauch" finished-at="2023-09-18T10:02:27 IST" duration-ms="25" status="PASS">
          <reporter-output>
          </reporter-output>
        </test-method> <!-- Browserlauch -->
        <test-method is-config="true" signature="afterTest()[pri:0, instance:Extent.NewTest@4229bb3f]" started-at="2023-09-18T10:02:27 IST" name="afterTest" finished-at="2023-09-18T10:02:28 IST" duration-ms="479" status="PASS">
          <reporter-output>
          </reporter-output>
        </test-method> <!-- afterTest -->
      </class> <!-- Extent.NewTest -->
    </test> <!-- Default test -->
  </suite> <!-- Default suite -->
</testng-results>
