<?xml version="1.0" encoding="UTF-8"?>
<testng-results ignored="0" total="1" passed="1" failed="0" skipped="0">
  <reporter-output>
  </reporter-output>
  <suite started-at="2023-10-04T10:09:38 IST" name="Suite" finished-at="2023-10-04T10:09:49 IST" duration-ms="10996">
    <groups>
    </groups>
    <test started-at="2023-10-04T10:09:38 IST" name="Test" finished-at="2023-10-04T10:09:49 IST" duration-ms="10996">
      <class name="method2.practice">
        <test-method signature="practice()[pri:0, instance:method2.practice@694abbdc]" started-at="2023-10-04T10:09:38 IST" name="practice" finished-at="2023-10-04T10:09:49 IST" duration-ms="10955" status="PASS">
          <reporter-output>
          </reporter-output>
        </test-method> <!-- practice -->
      </class> <!-- method2.practice -->
    </test> <!-- Test -->
  </suite> <!-- Suite -->
</testng-results>
