<?xml version="1.0" encoding="UTF-8"?>
<!-- Generated by org.testng.reporters.JUnitXMLReporter -->
<testsuite ignored="0" hostname="Manish" failures="1" tests="3" name="Test1" time="5.243" errors="0" timestamp="2023-10-22T18:55:11 IST">
  <testcase classname="TestListnerexam.TestClass" name="serahword" time="5.189"/>
  <testcase classname="TestListnerexam.TestClass" name="testfail" time="0.006">
    <failure type="java.lang.AssertionError" message="expected [true] but found [false]">
      <![CDATA[java.lang.AssertionError: expected [true] but found [false]
at TestListnerexam.TestClass.testfail(TestClass.java:30)
at java.base/java.util.ArrayList.forEach(ArrayList.java:1511)
... Removed 29 stack frames]]>
    </failure>
  </testcase> <!-- testfail -->
  <testcase classname="TestListnerexam.TestClass" name="testskip" time="0.001">
    <skipped/>
  </testcase> <!-- testskip -->
</testsuite> <!-- Test1 -->
