<?xml version="1.0" encoding="UTF-8"?>
<testng-results ignored="0" total="2" passed="2" failed="0" skipped="0">
  <reporter-output>
  </reporter-output>
  <suite started-at="2023-11-05T09:35:55 IST" name="Failed suite [Suite]" finished-at="2023-11-05T09:35:55 IST" duration-ms="120">
    <groups>
    </groups>
    <test started-at="2023-11-05T09:35:55 IST" name="Test(failed)" finished-at="2023-11-05T09:35:55 IST" duration-ms="120">
      <class name="FailedTestcase.Testcase1">
        <test-method signature="test3()[pri:0, instance:FailedTestcase.Testcase1@639c2c1d]" started-at="2023-11-05T09:35:55 IST" name="test3" finished-at="2023-11-05T09:35:55 IST" duration-ms="14" status="PASS">
          <reporter-output>
          </reporter-output>
        </test-method> <!-- test3 -->
        <test-method signature="test1()[pri:0, instance:FailedTestcase.Testcase1@639c2c1d]" started-at="2023-11-05T09:35:55 IST" name="test1" finished-at="2023-11-05T09:35:55 IST" duration-ms="2" status="PASS">
          <reporter-output>
          </reporter-output>
        </test-method> <!-- test1 -->
      </class> <!-- FailedTestcase.Testcase1 -->
    </test> <!-- Test(failed) -->
  </suite> <!-- Failed suite [Suite] -->
</testng-results>
