<?xml version="1.0" encoding="UTF-8"?>
<!-- Generated by org.testng.reporters.JUnitXMLReporter -->
<testsuite ignored="0" hostname="Manish" failures="1" tests="1" name="inetBanking" time="10.132" errors="0" timestamp="2023-09-22T08:51:27 IST">
  <testcase classname="inetBanking.testCase.TC_LoginTest_001" name="loginTest" time="0.831">
    <failure type="java.lang.NullPointerException" message="Cannot invoke &amp;quot;org.apache.log4j.Logger.info(Object)&amp;quot; because &amp;quot;inetBanking.testCase.TC_LoginTest_001.logger&amp;quot; is null">
      <![CDATA[java.lang.NullPointerException: Cannot invoke "org.apache.log4j.Logger.info(Object)" because "inetBanking.testCase.TC_LoginTest_001.logger" is null
at inetBanking.testCase.TC_LoginTest_001.loginTest(TC_LoginTest_001.java:14)
at java.base/java.util.ArrayList.forEach(ArrayList.java:1511)
... Removed 25 stack frames]]>
    </failure>
  </testcase> <!-- loginTest -->
</testsuite> <!-- inetBanking -->
