<?xml version="1.0" encoding="UTF-8"?>
<testng-results ignored="0" total="1" passed="1" failed="0" skipped="0">
  <reporter-output>
  </reporter-output>
  <suite started-at="2023-09-25T09:30:21 IST" name="Default suite" finished-at="2023-09-25T09:30:28 IST" duration-ms="7123">
    <groups>
    </groups>
    <test started-at="2023-09-25T09:30:21 IST" name="Default test" finished-at="2023-09-25T09:30:28 IST" duration-ms="7123">
      <class name="com.mystore.testcases.Testcase_Login_001">
        <test-method is-config="true" signature="setUp()[pri:0, instance:com.mystore.testcases.Testcase_Login_001@3fc2959f]" started-at="2023-09-25T09:30:21 IST" name="setUp" finished-at="2023-09-25T09:30:25 IST" duration-ms="4021" status="PASS">
          <reporter-output>
          </reporter-output>
        </test-method> <!-- setUp -->
        <test-method signature="loginpage()[pri:0, instance:com.mystore.testcases.Testcase_Login_001@3fc2959f]" started-at="2023-09-25T09:30:25 IST" name="loginpage" finished-at="2023-09-25T09:30:28 IST" duration-ms="2754" status="PASS">
          <reporter-output>
          </reporter-output>
        </test-method> <!-- loginpage -->
        <test-method is-config="true" signature="tearDown()[pri:0, instance:com.mystore.testcases.Testcase_Login_001@3fc2959f]" started-at="2023-09-25T09:30:28 IST" name="tearDown" finished-at="2023-09-25T09:30:28 IST" duration-ms="310" status="PASS">
          <reporter-output>
          </reporter-output>
        </test-method> <!-- tearDown -->
      </class> <!-- com.mystore.testcases.Testcase_Login_001 -->
    </test> <!-- Default test -->
  </suite> <!-- Default suite -->
</testng-results>
