<?xml version="1.0" encoding="UTF-8"?>
<!-- Generated by org.testng.reporters.JUnitXMLReporter -->
<testsuite ignored="1" hostname="Manish" failures="0" tests="2" name="Test(failed)" time="0.12" errors="0" timestamp="2023-11-05T09:35:55 IST">
  <testcase classname="FailedTestcase.Testcase1" name="test3" time="0.014"/>
  <testcase classname="FailedTestcase.Testcase1" name="test1" time="0.002"/>
  <testcase classname="FailedTestcase.Testcase1" name="test2" time="0.0">
    <ignored/>
  </testcase> <!-- test2 -->
</testsuite> <!-- Test(failed) -->
