<?xml version="1.0" encoding="UTF-8"?>
<!-- Generated by org.testng.reporters.JUnitXMLReporter -->
<testsuite ignored="0" hostname="Manish" failures="1" tests="1" name="Test" time="8.905" errors="0" timestamp="2023-09-19T01:05:27 IST">
  <testcase classname="com.mystore.testcases.Testcase_Login_001" name="loginpage" time="2.013">
    <failure type="java.lang.AssertionError" message="expected [true] but found [false]">
      <![CDATA[java.lang.AssertionError: expected [true] but found [false]
at com.mystore.testcases.Testcase_Login_001.loginpage(Testcase_Login_001.java:34)
at java.base/java.util.ArrayList.forEach(ArrayList.java:1511)
... Removed 29 stack frames]]>
    </failure>
  </testcase> <!-- loginpage -->
</testsuite> <!-- Test -->
